
****** PlanAhead v14.7
  **** Build 321239 by xbuild on Fri Sep 27 19:31:35 MDT 2013
    ** Copyright 1986-1999, 2001-2013 Xilinx, Inc. All Rights Reserved.

INFO: [Common 17-78] Attempting to get a license: PlanAhead
INFO: [Common 17-290] Got license for PlanAhead
INFO: [Device 21-36] Loading parts and site information from C:/Xilinx/14.7/ISE_DS/PlanAhead/data/parts/arch.xml
Parsing RTL primitives file [C:/Xilinx/14.7/ISE_DS/PlanAhead/data/parts/xilinx/rtl/prims/rtl_prims.xml]
Finished parsing RTL primitives file [C:/Xilinx/14.7/ISE_DS/PlanAhead/data/parts/xilinx/rtl/prims/rtl_prims.xml]
start_gui
source {C:/Users/Napat Junsiri/Desktop/digital/Lab_6/pa.fromHdl.tcl}
# create_project -name Lab_6 -dir "C:/Users/Napat Junsiri/Desktop/digital/Lab_6/planAhead_run_2" -part xc6slx9tqg144-3
# set_param project.pinAheadLayout yes
# set srcset [get_property srcset [current_run -impl]]
# set_property target_constrs_file "C:/Users/Napat Junsiri/Desktop/digital/Lab_6/pin.ucf" [current_fileset -constrset]
Adding file 'C:/Users/Napat Junsiri/Desktop/digital/Lab_6/pin.ucf' to fileset 'constrs_1'
# set hdlfile [add_files [list {Lab6.vf}]]
# set_property file_type Verilog $hdlfile
# set_property library work $hdlfile
# set_property top Lab6 $srcset
# add_files [list {pin.ucf}] -fileset [get_property constrset [current_run]]
# add_files [list {Lab6.ucf}] -fileset [get_property constrset [current_run]]
# open_rtl_design -part xc6slx9tqg144-3
Using Verific elaboration
Parsing VHDL file "C:/Xilinx/14.7/ISE_DS/PlanAhead/data/parts/xilinx/rtl/lib/synplify/synattr.vhd" into library synplify
Analyzing Verilog file "C:/Users/Napat Junsiri/Desktop/digital/Lab_6/Lab6.vf" into library work
Loading clock regions from C:/Xilinx/14.7/ISE_DS/PlanAhead/data\parts/xilinx/spartan6/spartan6lx/xc6slx9/ClockRegion.xml
Loading clock buffers from C:/Xilinx/14.7/ISE_DS/PlanAhead/data\parts/xilinx/spartan6/spartan6lx/xc6slx9/ClockBuffers.xml
Loading package pin functions from C:/Xilinx/14.7/ISE_DS/PlanAhead/data\parts/xilinx/spartan6/PinFunctions.xml...
Loading package from C:/Xilinx/14.7/ISE_DS/PlanAhead/data\parts/xilinx/spartan6/spartan6lx/xc6slx9/tqg144/Package.xml
Loading io standards from C:/Xilinx/14.7/ISE_DS/PlanAhead/data\./parts/xilinx/spartan6/IOStandards.xml
Loading device configuration modes from C:/Xilinx/14.7/ISE_DS/PlanAhead/data\parts/xilinx/spartan6/ConfigModes.xml
Loading list of drcs for the architecture : C:/Xilinx/14.7/ISE_DS/PlanAhead/data\./parts/xilinx/spartan6/drc.xml
Parsing UCF File [C:/Users/Napat Junsiri/Desktop/digital/Lab_6/pin.ucf]
Finished Parsing UCF File [C:/Users/Napat Junsiri/Desktop/digital/Lab_6/pin.ucf]
Parsing UCF File [C:/Users/Napat Junsiri/Desktop/digital/Lab_6/Lab6.ucf]
Finished Parsing UCF File [C:/Users/Napat Junsiri/Desktop/digital/Lab_6/Lab6.ucf]
INFO: [Project 1-111] Unisim Transformation Summary:
No Unisim elements were transformed.

Phase 0 | Netlist Checksum: 55b4741d
open_rtl_design: Time (s): elapsed = 00:00:06 . Memory (MB): peak = 540.328 ; gain = 102.254
update_compile_order -fileset sim_1
startgroup
set_property package_pin P34 [get_ports a]
endgroup
startgroup
set_property package_pin P40 [get_ports b]
endgroup
set_property is_loc_fixed false [get_ports [list  b]]
set_property is_loc_fixed true [get_ports [list  b]]
set_property package_pin "" [get_ports [list  c]]
startgroup
set_property package_pin P41 [get_ports a]
endgroup
startgroup
set_property package_pin P35 [get_ports c]
endgroup
set_property package_pin "" [get_ports [list  e]]
startgroup
set_property package_pin P34 [get_ports d]
endgroup
startgroup
set_property package_pin P32 [get_ports e]
endgroup
startgroup
set_property package_pin P29 [get_ports f]
endgroup
startgroup
set_property package_pin P27 [get_ports g]
endgroup
startgroup
set_property package_pin P82 [get_ports LED_CHECK]
endgroup
startgroup
set_property package_pin P66 [get_ports A1]
endgroup
set_property is_loc_fixed false [get_ports [list  a]]
startgroup
set_property package_pin P62 [get_ports A2]
endgroup
startgroup
set_property package_pin P61 [get_ports A3]
endgroup
startgroup
set_property package_pin P59 [get_ports A4]
endgroup
startgroup
set_property package_pin P41 [get_ports a]
endgroup
startgroup
set_property package_pin P58 [get_ports B1]
endgroup
startgroup
set_property package_pin P57 [get_ports B2]
endgroup
startgroup
set_property package_pin P56 [get_ports B3]
endgroup
startgroup
set_property package_pin P55 [get_ports B4]
endgroup
save_constraints
exit
ERROR: [Common 17-39] 'stop_gui' failed due to earlier errors.
INFO: [Common 17-206] Exiting PlanAhead at Mon Aug 21 20:03:21 2023...
INFO: [Common 17-83] Releasing license: PlanAhead
