Release 14.7 - xst P.20131013 (nt64)
Copyright (c) 1995-2013 Xilinx, Inc.  All rights reserved.
--> Parameter TMPDIR set to xst/projnav.tmp


Total REAL time to Xst completion: 0.00 secs
Total CPU time to Xst completion: 0.10 secs
 
--> Parameter xsthdpdir set to xst


Total REAL time to Xst completion: 0.00 secs
Total CPU time to Xst completion: 0.10 secs
 
--> Reading design: lab6.prj

TABLE OF CONTENTS
  1) Synthesis Options Summary
  2) HDL Parsing
  3) HDL Elaboration
  4) HDL Synthesis
       4.1) HDL Synthesis Report
  5) Advanced HDL Synthesis
       5.1) Advanced HDL Synthesis Report
  6) Low Level Synthesis
  7) Partition Report
  8) Design Summary
       8.1) Primitive and Black Box Usage
       8.2) Device utilization summary
       8.3) Partition Resource Summary
       8.4) Timing Report
            8.4.1) Clock Information
            8.4.2) Asynchronous Control Signals Information
            8.4.3) Timing Summary
            8.4.4) Timing Details
            8.4.5) Cross Clock Domains Report


=========================================================================
*                      Synthesis Options Summary                        *
=========================================================================
---- Source Parameters
Input File Name                    : "lab6.prj"
Ignore Synthesis Constraint File   : NO

---- Target Parameters
Output File Name                   : "lab6"
Output Format                      : NGC
Target Device                      : xc6slx9-3-tqg144

---- Source Options
Top Module Name                    : lab6
Automatic FSM Extraction           : YES
FSM Encoding Algorithm             : Auto
Safe Implementation                : No
FSM Style                          : LUT
RAM Extraction                     : Yes
RAM Style                          : Auto
ROM Extraction                     : Yes
Shift Register Extraction          : YES
ROM Style                          : Auto
Resource Sharing                   : YES
Asynchronous To Synchronous        : NO
Shift Register Minimum Size        : 2
Use DSP Block                      : Auto
Automatic Register Balancing       : No

---- Target Options
LUT Combining                      : Auto
Reduce Control Sets                : Auto
Add IO Buffers                     : YES
Global Maximum Fanout              : 100000
Add Generic Clock Buffer(BUFG)     : 16
Register Duplication               : YES
Optimize Instantiated Primitives   : NO
Use Clock Enable                   : Auto
Use Synchronous Set                : Auto
Use Synchronous Reset              : Auto
Pack IO Registers into IOBs        : Auto
Equivalent register Removal        : YES

---- General Options
Optimization Goal                  : Speed
Optimization Effort                : 1
Power Reduction                    : NO
Keep Hierarchy                     : No
Netlist Hierarchy                  : As_Optimized
RTL Output                         : Yes
Global Optimization                : AllClockNets
Read Cores                         : YES
Write Timing Constraints           : NO
Cross Clock Analysis               : NO
Hierarchy Separator                : /
Bus Delimiter                      : <>
Case Specifier                     : Maintain
Slice Utilization Ratio            : 100
BRAM Utilization Ratio             : 100
DSP48 Utilization Ratio            : 100
Auto BRAM Packing                  : NO
Slice Utilization Ratio Delta      : 5

=========================================================================


=========================================================================
*                          HDL Parsing                                  *
=========================================================================
Analyzing Verilog file "D:\ISE Project\lab6\lab6.vf" into library work
Parsing module <INV4_HXILINX_lab6>.
Parsing module <OR6_HXILINX_lab6>.
Parsing module <lab6>.

=========================================================================
*                            HDL Elaboration                            *
=========================================================================

Elaborating module <lab6>.

Elaborating module <OR6_HXILINX_lab6>.

Elaborating module <INV4_HXILINX_lab6>.

Elaborating module <AND2>.

Elaborating module <AND3>.

Elaborating module <OR5>.

Elaborating module <OR4>.

Elaborating module <XOR2>.

Elaborating module <OR2>.

Elaborating module <GND>.
WARNING:HDLCompiler:634 - "D:\ISE Project\lab6\lab6.vf" Line 108: Net <XLXN_93> does not have a driver.

=========================================================================
*                           HDL Synthesis                               *
=========================================================================

Synthesizing Unit <lab6>.
    Related source file is "D:\ISE Project\lab6\lab6.vf".
    Set property "HU_SET = XLXI_44_0" for instance <XLXI_44>.
    Set property "HU_SET = XLXI_45_1" for instance <XLXI_45>.
    Set property "HU_SET = XLXI_82_2" for instance <XLXI_82>.
WARNING:Xst:653 - Signal <XLXN_93> is used but never assigned. This sourceless signal will be automatically connected to value GND.
    Summary:
	no macro.
Unit <lab6> synthesized.

Synthesizing Unit <OR6_HXILINX_lab6>.
    Related source file is "D:\ISE Project\lab6\lab6.vf".
    Summary:
	no macro.
Unit <OR6_HXILINX_lab6> synthesized.

Synthesizing Unit <INV4_HXILINX_lab6>.
    Related source file is "D:\ISE Project\lab6\lab6.vf".
    Summary:
	no macro.
Unit <INV4_HXILINX_lab6> synthesized.

=========================================================================
HDL Synthesis Report

Found no macro
=========================================================================

=========================================================================
*                       Advanced HDL Synthesis                          *
=========================================================================


=========================================================================
Advanced HDL Synthesis Report

Found no macro
=========================================================================

=========================================================================
*                         Low Level Synthesis                           *
=========================================================================

Optimizing unit <lab6> ...

Optimizing unit <INV4_HXILINX_lab6> ...

Optimizing unit <OR6_HXILINX_lab6> ...

Mapping all equations...
Building and optimizing final netlist ...
Found area constraint ratio of 100 (+ 5) on block lab6, actual ratio is 0.

Final Macro Processing ...

=========================================================================
Final Register Report

Found no macro
=========================================================================

=========================================================================
*                           Partition Report                            *
=========================================================================

Partition Implementation Status
-------------------------------

  No Partitions were found in this design.

-------------------------------

=========================================================================
*                            Design Summary                             *
=========================================================================

Top Level Output File Name         : lab6.ngc

Primitive and Black Box Usage:
------------------------------
# BELS                             : 67
#      AND2                        : 23
#      AND3                        : 20
#      GND                         : 1
#      INV                         : 4
#      LUT5                        : 1
#      LUT6                        : 1
#      OR2                         : 4
#      OR4                         : 1
#      OR5                         : 4
#      XOR2                        : 8
# IO Buffers                       : 16
#      IBUF                        : 8
#      OBUF                        : 8

Device utilization summary:
---------------------------

Selected Device : 6slx9tqg144-3 


Slice Logic Utilization: 
 Number of Slice LUTs:                    6  out of   5720     0%  
    Number used as Logic:                 6  out of   5720     0%  

Slice Logic Distribution: 
 Number of LUT Flip Flop pairs used:      6
   Number with an unused Flip Flop:       6  out of      6   100%  
   Number with an unused LUT:             0  out of      6     0%  
   Number of fully used LUT-FF pairs:     0  out of      6     0%  
   Number of unique control sets:         0

IO Utilization: 
 Number of IOs:                          16
 Number of bonded IOBs:                  16  out of    102    15%  

Specific Feature Utilization:

---------------------------
Partition Resource Summary:
---------------------------

  No Partitions were found in this design.

---------------------------


=========================================================================
Timing Report

NOTE: THESE TIMING NUMBERS ARE ONLY A SYNTHESIS ESTIMATE.
      FOR ACCURATE TIMING INFORMATION PLEASE REFER TO THE TRACE REPORT
      GENERATED AFTER PLACE-and-ROUTE.

Clock Information:
------------------
No clock signals found in this design

Asynchronous Control Signals Information:
----------------------------------------
No asynchronous control signals found in this design

Timing Summary:
---------------
Speed Grade: -3

   Minimum period: No path found
   Minimum input arrival time before clock: No path found
   Maximum output required time after clock: No path found
   Maximum combinational path delay: 17.366ns

Timing Details:
---------------
All values displayed in nanoseconds (ns)

=========================================================================
Timing constraint: Default path analysis
  Total number of paths / destination ports: 724 / 8
-------------------------------------------------------------------------
Delay:               17.366ns (Levels of Logic = 14)
  Source:            Y1 (PAD)
  Destination:       E_op (PAD)

  Data Path: Y1 to E_op
                                Gate     Net
    Cell:in->out      fanout   Delay   Delay  Logical Name (Net Name)
    ----------------------------------------  ------------
     IBUF:I->O             2   1.222   0.981  Y1_IBUF (Y1_IBUF)
     XOR2:I0->O            2   0.203   0.961  XLXI_120 (XLXN_146)
     AND2:I1->O            1   0.223   0.924  XLXI_126 (XLXN_151)
     OR2:I1->O             2   0.223   0.981  XLXI_124 (XLXN_152)
     AND2:I0->O            1   0.203   0.924  XLXI_131 (XLXN_157)
     OR2:I1->O             2   0.223   0.981  XLXI_129 (XLXN_174)
     AND2:I0->O            1   0.203   0.924  XLXI_136 (XLXN_163)
     OR2:I1->O             2   0.223   0.981  XLXI_134 (XLXN_164)
     XOR2:I0->O            9   0.203   0.829  XLXI_140 (D)
     begin scope: 'XLXI_45:I3'
     INV:I->O             11   0.206   1.247  O31_INV_0 (O3)
     end scope: 'XLXI_45:O3'
     AND2:I0->O            1   0.203   0.944  XLXI_99 (XLXN_121)
     OR4:I0->O             1   0.203   0.579  XLXI_100 (E_op_OBUF)
     OBUF:I->O                 2.571          E_op_OBUF (E_op)
    ----------------------------------------
    Total                     17.366ns (6.109ns logic, 11.257ns route)
                                       (35.2% logic, 64.8% route)

=========================================================================

Cross Clock Domains Report:
--------------------------

=========================================================================


Total REAL time to Xst completion: 4.00 secs
Total CPU time to Xst completion: 4.08 secs
 
--> 

Total memory usage is 4487196 kilobytes

Number of errors   :    0 (   0 filtered)
Number of warnings :    2 (   0 filtered)
Number of infos    :    0 (   0 filtered)

