#-----------------------------------------------------------
# PlanAhead v14.7
# Build 321239 by xbuild on Fri Sep 27 19:31:35 MDT 2013
# Start of session at: Mon Sep 11 17:13:52 2023
# Process ID: 18676
# Log file: C:/Users/admin/Desktop/Sakda/Circuit/lab705/planAhead_run_3/planAhead.log
# Journal file: C:/Users/admin/Desktop/Sakda/Circuit/lab705/planAhead_run_3/planAhead.jou
#-----------------------------------------------------------
INFO: [Common 17-78] Attempting to get a license: PlanAhead
INFO: [Common 17-290] Got license for PlanAhead
INFO: [Device 21-36] Loading parts and site information from C:/Xilinx/14.7/ISE_DS/PlanAhead/data/parts/arch.xml
Parsing RTL primitives file [C:/Xilinx/14.7/ISE_DS/PlanAhead/data/parts/xilinx/rtl/prims/rtl_prims.xml]
Finished parsing RTL primitives file [C:/Xilinx/14.7/ISE_DS/PlanAhead/data/parts/xilinx/rtl/prims/rtl_prims.xml]
start_gui
source C:/Users/admin/Desktop/Sakda/Circuit/lab705/pa.fromHdl.tcl
# create_project -name lab705 -dir "C:/Users/admin/Desktop/Sakda/Circuit/lab705/planAhead_run_3" -part xc6slx9tqg144-3
# set_param project.pinAheadLayout yes
# set srcset [get_property srcset [current_run -impl]]
# set_property target_constrs_file "C:/Users/admin/Desktop/Sakda/Circuit/lab705/l705.ucf" [current_fileset -constrset]
Adding file 'C:/Users/admin/Desktop/Sakda/Circuit/lab705/l705.ucf' to fileset 'constrs_1'
# set hdlfile [add_files [list {lab705.vf}]]
# set_property file_type Verilog $hdlfile
# set_property library work $hdlfile
# set_property top lab705 $srcset
# add_files [list {l705.ucf}] -fileset [get_property constrset [current_run]]
# add_files [list {lab705.ucf}] -fileset [get_property constrset [current_run]]
# open_rtl_design -part xc6slx9tqg144-3
Using Verific elaboration
Parsing VHDL file "C:/Xilinx/14.7/ISE_DS/PlanAhead/data/parts/xilinx/rtl/lib/synplify/synattr.vhd" into library synplify
Analyzing Verilog file "C:/Users/admin/Desktop/Sakda/Circuit/lab705/lab705.vf" into library work
Loading clock regions from C:/Xilinx/14.7/ISE_DS/PlanAhead/data\parts/xilinx/spartan6/spartan6lx/xc6slx9/ClockRegion.xml
Loading clock buffers from C:/Xilinx/14.7/ISE_DS/PlanAhead/data\parts/xilinx/spartan6/spartan6lx/xc6slx9/ClockBuffers.xml
Loading package pin functions from C:/Xilinx/14.7/ISE_DS/PlanAhead/data\parts/xilinx/spartan6/PinFunctions.xml...
Loading package from C:/Xilinx/14.7/ISE_DS/PlanAhead/data\parts/xilinx/spartan6/spartan6lx/xc6slx9/tqg144/Package.xml
Loading io standards from C:/Xilinx/14.7/ISE_DS/PlanAhead/data\./parts/xilinx/spartan6/IOStandards.xml
Loading device configuration modes from C:/Xilinx/14.7/ISE_DS/PlanAhead/data\parts/xilinx/spartan6/ConfigModes.xml
Loading list of drcs for the architecture : C:/Xilinx/14.7/ISE_DS/PlanAhead/data\./parts/xilinx/spartan6/drc.xml
Parsing UCF File [C:/Users/admin/Desktop/Sakda/Circuit/lab705/l705.ucf]
CRITICAL WARNING: [Constraints 18-5] Cannot loc instance 'XLXI_517' at site P112, Unknown instance type 'VCC' [C:/Users/admin/Desktop/Sakda/Circuit/lab705/l705.ucf:8]
CRITICAL WARNING: [Constraints 18-5] Cannot loc instance 'XLXI_516' at site P111, Unknown instance type 'GND' [C:/Users/admin/Desktop/Sakda/Circuit/lab705/l705.ucf:9]
CRITICAL WARNING: [Constraints 18-11] Could not find net or pin 'dip_sw8' [C:/Users/admin/Desktop/Sakda/Circuit/lab705/l705.ucf:10]
Finished Parsing UCF File [C:/Users/admin/Desktop/Sakda/Circuit/lab705/l705.ucf]
Parsing UCF File [C:/Users/admin/Desktop/Sakda/Circuit/lab705/lab705.ucf]
Finished Parsing UCF File [C:/Users/admin/Desktop/Sakda/Circuit/lab705/lab705.ucf]
INFO: [Designutils 20-20] Invalid constraints found, use command 'write_ucf -constraints invalid <file>' to save all the invalid constraints to a file
INFO: [Project 1-111] Unisim Transformation Summary:
No Unisim elements were transformed.

Phase 0 | Netlist Checksum: 9328a3f4
open_rtl_design: Time (s): elapsed = 00:00:08 . Memory (MB): peak = 543.316 ; gain = 104.043
update_compile_order -fileset sim_1
exit
ERROR: [PlanAhead 12-106] *** Exception: ui.h.b: Found deleted key in HTclEventBroker. Verify if the classes listed here call cleanup()
HTclEvent: DEBUG_CORE_CONFIG_CHANGE   Classes: ui.views.aR 
HTclEvent: DEBUG_PORT_CONFIG_CHANGE   Classes: ui.views.aR 
HTclEvent: SIGNAL_MODIFY   Classes: ui.views.aR 
HTclEvent: SIGNAL_BUS_MODIFY   Classes: ui.views.aR 
 (See C:/Users/admin/Desktop/Sakda/Circuit/lab705\planAhead_pid18676.debug)
ERROR: [Common 17-39] 'stop_gui' failed due to earlier errors.
INFO: [Common 17-206] Exiting PlanAhead at Mon Sep 11 17:21:17 2023...
INFO: [Common 17-83] Releasing license: PlanAhead
