#-----------------------------------------------------------
# PlanAhead v14.7
# Build 321239 by xbuild on Fri Sep 27 19:31:35 MDT 2013
# Start of session at: Mon Oct 16 08:28:20 2023
# Process ID: 4228
# Log file: C:/Users/admin/Documents/GitHub/circuit_year_1_st/store/ex2_7seg/planAhead_run_4/planAhead.log
# Journal file: C:/Users/admin/Documents/GitHub/circuit_year_1_st/store/ex2_7seg/planAhead_run_4/planAhead.jou
#-----------------------------------------------------------
INFO: [Common 17-78] Attempting to get a license: PlanAhead
INFO: [Common 17-290] Got license for PlanAhead
INFO: [Device 21-36] Loading parts and site information from C:/Xilinx/14.7/ISE_DS/PlanAhead/data/parts/arch.xml
Parsing RTL primitives file [C:/Xilinx/14.7/ISE_DS/PlanAhead/data/parts/xilinx/rtl/prims/rtl_prims.xml]
Finished parsing RTL primitives file [C:/Xilinx/14.7/ISE_DS/PlanAhead/data/parts/xilinx/rtl/prims/rtl_prims.xml]
start_gui
source C:/Users/admin/Documents/GitHub/circuit_year_1_st/store/ex2_7seg/pa.fromHdl.tcl
# create_project -name ex2_7seg -dir "C:/Users/admin/Documents/GitHub/circuit_year_1_st/store/ex2_7seg/planAhead_run_4" -part xc6slx9tqg144-3
# set_param project.pinAheadLayout yes
# set srcset [get_property srcset [current_run -impl]]
# set_property target_constrs_file "pin.ucf" [current_fileset -constrset]
Adding file 'C:/Users/admin/Documents/GitHub/circuit_year_1_st/store/ex2_7seg/pin.ucf' to fileset 'constrs_1'
# set hdlfile [add_files [list {counter0_9.vf}]]
# set_property file_type Verilog $hdlfile
# set_property library work $hdlfile
# set hdlfile [add_files [list {lab7t.vf}]]
# set_property file_type Verilog $hdlfile
# set_property library work $hdlfile
# set_property top lab7t $srcset
# add_files [list {pin.ucf}] -fileset [get_property constrset [current_run]]
# open_rtl_design -part xc6slx9tqg144-3
Using Verific elaboration
Parsing VHDL file "C:/Xilinx/14.7/ISE_DS/PlanAhead/data/parts/xilinx/rtl/lib/synplify/synattr.vhd" into library synplify
Analyzing Verilog file "C:/Users/admin/Documents/GitHub/circuit_year_1_st/store/ex2_7seg/lab7t.vf" into library work
Loading clock regions from C:/Xilinx/14.7/ISE_DS/PlanAhead/data\parts/xilinx/spartan6/spartan6lx/xc6slx9/ClockRegion.xml
Loading clock buffers from C:/Xilinx/14.7/ISE_DS/PlanAhead/data\parts/xilinx/spartan6/spartan6lx/xc6slx9/ClockBuffers.xml
Loading package pin functions from C:/Xilinx/14.7/ISE_DS/PlanAhead/data\parts/xilinx/spartan6/PinFunctions.xml...
Loading package from C:/Xilinx/14.7/ISE_DS/PlanAhead/data\parts/xilinx/spartan6/spartan6lx/xc6slx9/tqg144/Package.xml
Loading io standards from C:/Xilinx/14.7/ISE_DS/PlanAhead/data\./parts/xilinx/spartan6/IOStandards.xml
Loading device configuration modes from C:/Xilinx/14.7/ISE_DS/PlanAhead/data\parts/xilinx/spartan6/ConfigModes.xml
Loading list of drcs for the architecture : C:/Xilinx/14.7/ISE_DS/PlanAhead/data\./parts/xilinx/spartan6/drc.xml
Parsing UCF File [C:/Users/admin/Documents/GitHub/circuit_year_1_st/store/ex2_7seg/pin.ucf]
Finished Parsing UCF File [C:/Users/admin/Documents/GitHub/circuit_year_1_st/store/ex2_7seg/pin.ucf]
INFO: [Project 1-111] Unisim Transformation Summary:
No Unisim elements were transformed.

Phase 0 | Netlist Checksum: 506a9f21
open_rtl_design: Time (s): elapsed = 00:00:06 . Memory (MB): peak = 577.672 ; gain = 130.457
update_compile_order -fileset sim_1
startgroup
set_property package_pin P41 [get_ports A_P41]
endgroup
startgroup
set_property package_pin P40 [get_ports A_P41]
endgroup
startgroup
set_property package_pin P41 [get_ports A_P41]
endgroup
startgroup
set_property package_pin P40 [get_ports B_P40]
endgroup
startgroup
set_property package_pin P35 [get_ports C_P35]
endgroup
startgroup
set_property package_pin P123 [get_ports CLK_P123]
endgroup
startgroup
set_property package_pin P44 [get_ports com_0_P44]
endgroup
startgroup
set_property package_pin P43 [get_ports com_1_P43]
endgroup
startgroup
set_property package_pin P33 [get_ports com_2_P33]
endgroup
startgroup
set_property package_pin P30 [get_ports com_3_P30]
endgroup
startgroup
set_property package_pin P34 [get_ports D_P34]
endgroup
startgroup
set_property package_pin P32 [get_ports E_P32]
endgroup
startgroup
set_property package_pin P29 [get_ports F_P29]
endgroup
save_constraints
exit
ERROR: [PlanAhead 12-106] *** Exception: ui.h.b: Found deleted key in HTclEventBroker. Verify if the classes listed here call cleanup()
HTclEvent: SIGNAL_BUS_MODIFY   Classes: ui.views.aR 
HTclEvent: DEBUG_CORE_CONFIG_CHANGE   Classes: ui.views.aR 
HTclEvent: DEBUG_PORT_CONFIG_CHANGE   Classes: ui.views.aR 
HTclEvent: SIGNAL_MODIFY   Classes: ui.views.aR 
 (See C:/Users/admin/Documents/GitHub/circuit_year_1_st/store/ex2_7seg\planAhead_pid4228.debug)
ERROR: [Common 17-39] 'stop_gui' failed due to earlier errors.
INFO: [Common 17-206] Exiting PlanAhead at Mon Oct 16 08:29:43 2023...
INFO: [Common 17-83] Releasing license: PlanAhead
