Release 14.7 - xst P.20131013 (nt64)
Copyright (c) 1995-2013 Xilinx, Inc.  All rights reserved.
--> Parameter TMPDIR set to xst/projnav.tmp


Total REAL time to Xst completion: 0.00 secs
Total CPU time to Xst completion: 0.18 secs
 
--> Parameter xsthdpdir set to xst


Total REAL time to Xst completion: 0.00 secs
Total CPU time to Xst completion: 0.18 secs
 
--> Reading design: lab7t.prj

TABLE OF CONTENTS
  1) Synthesis Options Summary
  2) HDL Parsing
  3) HDL Elaboration
  4) HDL Synthesis
       4.1) HDL Synthesis Report
  5) Advanced HDL Synthesis
       5.1) Advanced HDL Synthesis Report
  6) Low Level Synthesis
  7) Partition Report
  8) Design Summary
       8.1) Primitive and Black Box Usage
       8.2) Device utilization summary
       8.3) Partition Resource Summary
       8.4) Timing Report
            8.4.1) Clock Information
            8.4.2) Asynchronous Control Signals Information
            8.4.3) Timing Summary
            8.4.4) Timing Details
            8.4.5) Cross Clock Domains Report


=========================================================================
*                      Synthesis Options Summary                        *
=========================================================================
---- Source Parameters
Input File Name                    : "lab7t.prj"
Ignore Synthesis Constraint File   : NO

---- Target Parameters
Output File Name                   : "lab7t"
Output Format                      : NGC
Target Device                      : xc6slx9-3-tqg144

---- Source Options
Top Module Name                    : lab7t
Automatic FSM Extraction           : YES
FSM Encoding Algorithm             : Auto
Safe Implementation                : No
FSM Style                          : LUT
RAM Extraction                     : Yes
RAM Style                          : Auto
ROM Extraction                     : Yes
Shift Register Extraction          : YES
ROM Style                          : Auto
Resource Sharing                   : YES
Asynchronous To Synchronous        : NO
Shift Register Minimum Size        : 2
Use DSP Block                      : Auto
Automatic Register Balancing       : No

---- Target Options
LUT Combining                      : Auto
Reduce Control Sets                : Auto
Add IO Buffers                     : YES
Global Maximum Fanout              : 100000
Add Generic Clock Buffer(BUFG)     : 16
Register Duplication               : YES
Optimize Instantiated Primitives   : NO
Use Clock Enable                   : Auto
Use Synchronous Set                : Auto
Use Synchronous Reset              : Auto
Pack IO Registers into IOBs        : Auto
Equivalent register Removal        : YES

---- General Options
Optimization Goal                  : Speed
Optimization Effort                : 1
Power Reduction                    : NO
Keep Hierarchy                     : No
Netlist Hierarchy                  : As_Optimized
RTL Output                         : Yes
Global Optimization                : AllClockNets
Read Cores                         : YES
Write Timing Constraints           : NO
Cross Clock Analysis               : NO
Hierarchy Separator                : /
Bus Delimiter                      : <>
Case Specifier                     : Maintain
Slice Utilization Ratio            : 100
BRAM Utilization Ratio             : 100
DSP48 Utilization Ratio            : 100
Auto BRAM Packing                  : NO
Slice Utilization Ratio Delta      : 5

=========================================================================


=========================================================================
*                          HDL Parsing                                  *
=========================================================================
Analyzing Verilog file "C:\Users\admin\Documents\GitHub\circuit_year_1_st\store\ex2_7seg\counter0_9.vf" into library work
Parsing module <FTC_HXILINX_counter0_9>.
Parsing module <counter0_9>.
Analyzing Verilog file "C:\Users\admin\Documents\GitHub\circuit_year_1_st\store\ex2_7seg\lab7t.vf" into library work
Parsing module <FTC_HXILINX_lab7t>.
Parsing module <counter0_9_MUSER_lab7t>.
Parsing module <lab7t>.

=========================================================================
*                            HDL Elaboration                            *
=========================================================================

Elaborating module <lab7t>.

Elaborating module <XOR2>.

Elaborating module <AND2>.

Elaborating module <FD(INIT=1'b0)>.

Elaborating module <VCC>.

Elaborating module <INV>.

Elaborating module <BUF>.

Elaborating module <counter0_9_MUSER_lab7t>.

Elaborating module <FTC_HXILINX_lab7t>.

Elaborating module <AND3>.

Elaborating module <AND4>.

=========================================================================
*                           HDL Synthesis                               *
=========================================================================

Synthesizing Unit <lab7t>.
    Related source file is "C:\Users\admin\Documents\GitHub\circuit_year_1_st\store\ex2_7seg\lab7t.vf".
    Summary:
	no macro.
Unit <lab7t> synthesized.

Synthesizing Unit <counter0_9_MUSER_lab7t>.
    Related source file is "C:\Users\admin\Documents\GitHub\circuit_year_1_st\store\ex2_7seg\lab7t.vf".
    Set property "HU_SET = XLXI_1_0" for instance <XLXI_1>.
    Set property "HU_SET = XLXI_2_1" for instance <XLXI_2>.
    Set property "HU_SET = XLXI_3_2" for instance <XLXI_3>.
    Set property "HU_SET = XLXI_4_3" for instance <XLXI_4>.
    Summary:
	no macro.
Unit <counter0_9_MUSER_lab7t> synthesized.

Synthesizing Unit <FTC_HXILINX_lab7t>.
    Related source file is "C:\Users\admin\Documents\GitHub\circuit_year_1_st\store\ex2_7seg\lab7t.vf".
        INIT = 1'b0
    Found 1-bit register for signal <Q>.
    Summary:
	inferred   1 D-type flip-flop(s).
Unit <FTC_HXILINX_lab7t> synthesized.

=========================================================================
HDL Synthesis Report

Macro Statistics
# Registers                                            : 28
 1-bit register                                        : 28

=========================================================================

=========================================================================
*                       Advanced HDL Synthesis                          *
=========================================================================


=========================================================================
Advanced HDL Synthesis Report

Macro Statistics
# Registers                                            : 38
 Flip-Flops                                            : 38

=========================================================================

=========================================================================
*                         Low Level Synthesis                           *
=========================================================================

Optimizing unit <lab7t> ...

Optimizing unit <counter0_9_MUSER_lab7t> ...

Optimizing unit <FTC_HXILINX_lab7t> ...

Mapping all equations...
Building and optimizing final netlist ...
Found area constraint ratio of 100 (+ 5) on block lab7t, actual ratio is 0.

Final Macro Processing ...

=========================================================================
Final Register Report

Macro Statistics
# Registers                                            : 38
 Flip-Flops                                            : 38

=========================================================================

=========================================================================
*                           Partition Report                            *
=========================================================================

Partition Implementation Status
-------------------------------

  No Partitions were found in this design.

-------------------------------

=========================================================================
*                            Design Summary                             *
=========================================================================

Top Level Output File Name         : lab7t.ngc

Primitive and Black Box Usage:
------------------------------
# BELS                             : 76
#      AND2                        : 9
#      AND3                        : 7
#      AND4                        : 7
#      BUF                         : 2
#      INV                         : 48
#      VCC                         : 1
#      XOR2                        : 2
# FlipFlops/Latches                : 38
#      FD                          : 10
#      FDCE                        : 28
# Clock Buffers                    : 1
#      BUFGP                       : 1
# IO Buffers                       : 10
#      OBUF                        : 10

Device utilization summary:
---------------------------

Selected Device : 6slx9tqg144-3 


Slice Logic Utilization: 
 Number of Slice Registers:              38  out of  11440     0%  
 Number of Slice LUTs:                   48  out of   5720     0%  
    Number used as Logic:                48  out of   5720     0%  

Slice Logic Distribution: 
 Number of LUT Flip Flop pairs used:     86
   Number with an unused Flip Flop:      48  out of     86    55%  
   Number with an unused LUT:            38  out of     86    44%  
   Number of fully used LUT-FF pairs:     0  out of     86     0%  
   Number of unique control sets:        30

IO Utilization: 
 Number of IOs:                          11
 Number of bonded IOBs:                  11  out of    102    10%  

Specific Feature Utilization:
 Number of BUFG/BUFGCTRLs:                1  out of     16     6%  

---------------------------
Partition Resource Summary:
---------------------------

  No Partitions were found in this design.

---------------------------


=========================================================================
Timing Report

NOTE: THESE TIMING NUMBERS ARE ONLY A SYNTHESIS ESTIMATE.
      FOR ACCURATE TIMING INFORMATION PLEASE REFER TO THE TRACE REPORT
      GENERATED AFTER PLACE-and-ROUTE.

Clock Information:
------------------
-----------------------------------+--------------------------+-------+
Clock Signal                       | Clock buffer(FF name)    | Load  |
-----------------------------------+--------------------------+-------+
XLXN_41(XLXI_13:O)                 | NONE(*)(XLXI_19)         | 6     |
XLXN_109(XLXI_58:O)                | NONE(*)(XLXI_55)         | 4     |
CLK_P123                           | BUFGP                    | 4     |
XLXN_162(XLXI_89/XLXI_8:O)         | NONE(*)(XLXI_90/XLXI_4/Q)| 4     |
XLXN_163(XLXI_90/XLXI_8:O)         | NONE(*)(XLXI_91/XLXI_4/Q)| 4     |
XLXN_164(XLXI_91/XLXI_8:O)         | NONE(*)(XLXI_92/XLXI_4/Q)| 4     |
XLXN_165(XLXI_92/XLXI_8:O)         | NONE(*)(XLXI_93/XLXI_4/Q)| 4     |
XLXN_166(XLXI_93/XLXI_8:O)         | NONE(*)(XLXI_94/XLXI_4/Q)| 4     |
XLXN_168(XLXI_94/XLXI_8:O)         | NONE(*)(XLXI_95/XLXI_4/Q)| 4     |
-----------------------------------+--------------------------+-------+
(*) These 8 clock signal(s) are generated by combinatorial logic,
and XST is not able to identify which are the primary clock signals.
Please use the CLOCK_SIGNAL constraint to specify the clock signal(s) generated by combinatorial logic.
INFO:Xst:2169 - HDL ADVISOR - Some clock signals were not automatically buffered by XST with BUFG/BUFR resources. Please use the buffer_type constraint in order to insert these buffers to the clock signals to help prevent skew problems.

Asynchronous Control Signals Information:
----------------------------------------
No asynchronous control signals found in this design

Timing Summary:
---------------
Speed Grade: -3

   Minimum period: 4.107ns (Maximum Frequency: 243.463MHz)
   Minimum input arrival time before clock: No path found
   Maximum output required time after clock: 5.928ns
   Maximum combinational path delay: No path found

Timing Details:
---------------
All values displayed in nanoseconds (ns)

=========================================================================
Timing constraint: Default period analysis for Clock 'XLXN_41'
  Clock period: 2.312ns (frequency: 432.507MHz)
  Total number of paths / destination ports: 5 / 5
-------------------------------------------------------------------------
Delay:               2.312ns (Levels of Logic = 1)
  Source:            XLXI_30 (FF)
  Destination:       XLXI_19 (FF)
  Source Clock:      XLXN_41 rising
  Destination Clock: XLXN_41 rising

  Data Path: XLXI_30 to XLXI_19
                                Gate     Net
    Cell:in->out      fanout   Delay   Delay  Logical Name (Net Name)
    ----------------------------------------  ------------
     FD:C->Q               1   0.447   0.579  XLXI_30 (XLXN_87)
     INV:I->O              2   0.568   0.616  XLXI_46 (A_P41_OBUF)
     FD:D                      0.102          XLXI_19
    ----------------------------------------
    Total                      2.312ns (1.117ns logic, 1.195ns route)
                                       (48.3% logic, 51.7% route)

=========================================================================
Timing constraint: Default period analysis for Clock 'XLXN_109'
  Clock period: 3.459ns (frequency: 289.105MHz)
  Total number of paths / destination ports: 4 / 4
-------------------------------------------------------------------------
Delay:               3.459ns (Levels of Logic = 2)
  Source:            XLXI_56 (FF)
  Destination:       XLXI_60 (FF)
  Source Clock:      XLXN_109 rising
  Destination Clock: XLXN_109 rising

  Data Path: XLXI_56 to XLXI_60
                                Gate     Net
    Cell:in->out      fanout   Delay   Delay  Logical Name (Net Name)
    ----------------------------------------  ------------
     FD:C->Q               2   0.447   0.616  XLXI_56 (com3_P30)
     BUF:I->O              1   0.568   0.924  XLXI_84 (XLXN_147)
     XOR2:I1->O            1   0.223   0.579  XLXI_57 (XLXN_106)
     FD:D                      0.102          XLXI_60
    ----------------------------------------
    Total                      3.459ns (1.340ns logic, 2.119ns route)
                                       (38.7% logic, 61.3% route)

=========================================================================
Timing constraint: Default period analysis for Clock 'CLK_P123'
  Clock period: 4.107ns (frequency: 243.463MHz)
  Total number of paths / destination ports: 26 / 11
-------------------------------------------------------------------------
Delay:               4.107ns (Levels of Logic = 3)
  Source:            XLXI_89/XLXI_1/Q (FF)
  Destination:       XLXI_89/XLXI_4/Q (FF)
  Source Clock:      CLK_P123 rising
  Destination Clock: CLK_P123 rising

  Data Path: XLXI_89/XLXI_1/Q to XLXI_89/XLXI_4/Q
                                Gate     Net
    Cell:in->out      fanout   Delay   Delay  Logical Name (Net Name)
    ----------------------------------------  ------------
     FDCE:C->Q             5   0.447   0.714  Q (Q)
     end scope: 'XLXI_89/XLXI_1:Q'
     INV:I->O              1   0.568   0.808  XLXI_89/XLXI_9 (XLXI_89/XLXN_19)
     AND4:I3->O            8   0.339   0.802  XLXI_89/XLXI_8 (XLXN_162)
     begin scope: 'XLXI_89/XLXI_4:CLR'
     FDCE:CLR                  0.430          Q
    ----------------------------------------
    Total                      4.107ns (1.784ns logic, 2.323ns route)
                                       (43.4% logic, 56.6% route)

=========================================================================
Timing constraint: Default period analysis for Clock 'XLXN_162'
  Clock period: 4.107ns (frequency: 243.463MHz)
  Total number of paths / destination ports: 26 / 11
-------------------------------------------------------------------------
Delay:               4.107ns (Levels of Logic = 3)
  Source:            XLXI_90/XLXI_1/Q (FF)
  Destination:       XLXI_90/XLXI_4/Q (FF)
  Source Clock:      XLXN_162 rising
  Destination Clock: XLXN_162 rising

  Data Path: XLXI_90/XLXI_1/Q to XLXI_90/XLXI_4/Q
                                Gate     Net
    Cell:in->out      fanout   Delay   Delay  Logical Name (Net Name)
    ----------------------------------------  ------------
     FDCE:C->Q             5   0.447   0.714  Q (Q)
     end scope: 'XLXI_90/XLXI_1:Q'
     INV:I->O              1   0.568   0.808  XLXI_90/XLXI_9 (XLXI_90/XLXN_19)
     AND4:I3->O            8   0.339   0.802  XLXI_90/XLXI_8 (XLXN_163)
     begin scope: 'XLXI_90/XLXI_4:CLR'
     FDCE:CLR                  0.430          Q
    ----------------------------------------
    Total                      4.107ns (1.784ns logic, 2.323ns route)
                                       (43.4% logic, 56.6% route)

=========================================================================
Timing constraint: Default period analysis for Clock 'XLXN_163'
  Clock period: 4.107ns (frequency: 243.463MHz)
  Total number of paths / destination ports: 26 / 11
-------------------------------------------------------------------------
Delay:               4.107ns (Levels of Logic = 3)
  Source:            XLXI_91/XLXI_1/Q (FF)
  Destination:       XLXI_91/XLXI_4/Q (FF)
  Source Clock:      XLXN_163 rising
  Destination Clock: XLXN_163 rising

  Data Path: XLXI_91/XLXI_1/Q to XLXI_91/XLXI_4/Q
                                Gate     Net
    Cell:in->out      fanout   Delay   Delay  Logical Name (Net Name)
    ----------------------------------------  ------------
     FDCE:C->Q             5   0.447   0.714  Q (Q)
     end scope: 'XLXI_91/XLXI_1:Q'
     INV:I->O              1   0.568   0.808  XLXI_91/XLXI_9 (XLXI_91/XLXN_19)
     AND4:I3->O            8   0.339   0.802  XLXI_91/XLXI_8 (XLXN_164)
     begin scope: 'XLXI_91/XLXI_4:CLR'
     FDCE:CLR                  0.430          Q
    ----------------------------------------
    Total                      4.107ns (1.784ns logic, 2.323ns route)
                                       (43.4% logic, 56.6% route)

=========================================================================
Timing constraint: Default period analysis for Clock 'XLXN_164'
  Clock period: 4.107ns (frequency: 243.463MHz)
  Total number of paths / destination ports: 26 / 11
-------------------------------------------------------------------------
Delay:               4.107ns (Levels of Logic = 3)
  Source:            XLXI_92/XLXI_1/Q (FF)
  Destination:       XLXI_92/XLXI_4/Q (FF)
  Source Clock:      XLXN_164 rising
  Destination Clock: XLXN_164 rising

  Data Path: XLXI_92/XLXI_1/Q to XLXI_92/XLXI_4/Q
                                Gate     Net
    Cell:in->out      fanout   Delay   Delay  Logical Name (Net Name)
    ----------------------------------------  ------------
     FDCE:C->Q             5   0.447   0.714  Q (Q)
     end scope: 'XLXI_92/XLXI_1:Q'
     INV:I->O              1   0.568   0.808  XLXI_92/XLXI_9 (XLXI_92/XLXN_19)
     AND4:I3->O            8   0.339   0.802  XLXI_92/XLXI_8 (XLXN_165)
     begin scope: 'XLXI_92/XLXI_4:CLR'
     FDCE:CLR                  0.430          Q
    ----------------------------------------
    Total                      4.107ns (1.784ns logic, 2.323ns route)
                                       (43.4% logic, 56.6% route)

=========================================================================
Timing constraint: Default period analysis for Clock 'XLXN_165'
  Clock period: 4.107ns (frequency: 243.463MHz)
  Total number of paths / destination ports: 26 / 11
-------------------------------------------------------------------------
Delay:               4.107ns (Levels of Logic = 3)
  Source:            XLXI_93/XLXI_1/Q (FF)
  Destination:       XLXI_93/XLXI_4/Q (FF)
  Source Clock:      XLXN_165 rising
  Destination Clock: XLXN_165 rising

  Data Path: XLXI_93/XLXI_1/Q to XLXI_93/XLXI_4/Q
                                Gate     Net
    Cell:in->out      fanout   Delay   Delay  Logical Name (Net Name)
    ----------------------------------------  ------------
     FDCE:C->Q             5   0.447   0.714  Q (Q)
     end scope: 'XLXI_93/XLXI_1:Q'
     INV:I->O              1   0.568   0.808  XLXI_93/XLXI_9 (XLXI_93/XLXN_19)
     AND4:I3->O            8   0.339   0.802  XLXI_93/XLXI_8 (XLXN_166)
     begin scope: 'XLXI_93/XLXI_4:CLR'
     FDCE:CLR                  0.430          Q
    ----------------------------------------
    Total                      4.107ns (1.784ns logic, 2.323ns route)
                                       (43.4% logic, 56.6% route)

=========================================================================
Timing constraint: Default period analysis for Clock 'XLXN_166'
  Clock period: 4.107ns (frequency: 243.463MHz)
  Total number of paths / destination ports: 26 / 11
-------------------------------------------------------------------------
Delay:               4.107ns (Levels of Logic = 3)
  Source:            XLXI_94/XLXI_1/Q (FF)
  Destination:       XLXI_94/XLXI_4/Q (FF)
  Source Clock:      XLXN_166 rising
  Destination Clock: XLXN_166 rising

  Data Path: XLXI_94/XLXI_1/Q to XLXI_94/XLXI_4/Q
                                Gate     Net
    Cell:in->out      fanout   Delay   Delay  Logical Name (Net Name)
    ----------------------------------------  ------------
     FDCE:C->Q             5   0.447   0.714  Q (Q)
     end scope: 'XLXI_94/XLXI_1:Q'
     INV:I->O              1   0.568   0.808  XLXI_94/XLXI_9 (XLXI_94/XLXN_19)
     AND4:I3->O            8   0.339   0.802  XLXI_94/XLXI_8 (XLXN_168)
     begin scope: 'XLXI_94/XLXI_4:CLR'
     FDCE:CLR                  0.430          Q
    ----------------------------------------
    Total                      4.107ns (1.784ns logic, 2.323ns route)
                                       (43.4% logic, 56.6% route)

=========================================================================
Timing constraint: Default period analysis for Clock 'XLXN_168'
  Clock period: 4.020ns (frequency: 248.766MHz)
  Total number of paths / destination ports: 26 / 11
-------------------------------------------------------------------------
Delay:               4.020ns (Levels of Logic = 3)
  Source:            XLXI_95/XLXI_1/Q (FF)
  Destination:       XLXI_95/XLXI_4/Q (FF)
  Source Clock:      XLXN_168 rising
  Destination Clock: XLXN_168 rising

  Data Path: XLXI_95/XLXI_1/Q to XLXI_95/XLXI_4/Q
                                Gate     Net
    Cell:in->out      fanout   Delay   Delay  Logical Name (Net Name)
    ----------------------------------------  ------------
     FDCE:C->Q             5   0.447   0.714  Q (Q)
     end scope: 'XLXI_95/XLXI_1:Q'
     INV:I->O              1   0.568   0.808  XLXI_95/XLXI_9 (XLXI_95/XLXN_19)
     AND4:I3->O            5   0.339   0.714  XLXI_95/XLXI_8 (P123)
     begin scope: 'XLXI_95/XLXI_4:CLR'
     FDCE:CLR                  0.430          Q
    ----------------------------------------
    Total                      4.020ns (1.784ns logic, 2.236ns route)
                                       (44.4% logic, 55.6% route)

=========================================================================
Timing constraint: Default OFFSET OUT AFTER for Clock 'XLXN_41'
  Total number of paths / destination ports: 6 / 6
-------------------------------------------------------------------------
Offset:              4.781ns (Levels of Logic = 2)
  Source:            XLXI_30 (FF)
  Destination:       A_P41 (PAD)
  Source Clock:      XLXN_41 rising

  Data Path: XLXI_30 to A_P41
                                Gate     Net
    Cell:in->out      fanout   Delay   Delay  Logical Name (Net Name)
    ----------------------------------------  ------------
     FD:C->Q               1   0.447   0.579  XLXI_30 (XLXN_87)
     INV:I->O              2   0.568   0.616  XLXI_46 (A_P41_OBUF)
     OBUF:I->O                 2.571          A_P41_OBUF (A_P41)
    ----------------------------------------
    Total                      4.781ns (3.586ns logic, 1.195ns route)
                                       (75.0% logic, 25.0% route)

=========================================================================
Timing constraint: Default OFFSET OUT AFTER for Clock 'XLXN_109'
  Total number of paths / destination ports: 4 / 4
-------------------------------------------------------------------------
Offset:              5.928ns (Levels of Logic = 3)
  Source:            XLXI_60 (FF)
  Destination:       com_0_P44 (PAD)
  Source Clock:      XLXN_109 rising

  Data Path: XLXI_60 to com_0_P44
                                Gate     Net
    Cell:in->out      fanout   Delay   Delay  Logical Name (Net Name)
    ----------------------------------------  ------------
     FD:C->Q               1   0.447   0.579  XLXI_60 (XLXN_110)
     INV:I->O              2   0.568   0.616  XLXI_61 (com0_P44)
     INV:I->O              1   0.568   0.579  XLXI_85 (com_0_P44_OBUF)
     OBUF:I->O                 2.571          com_0_P44_OBUF (com_0_P44)
    ----------------------------------------
    Total                      5.928ns (4.154ns logic, 1.774ns route)
                                       (70.1% logic, 29.9% route)

=========================================================================

Cross Clock Domains Report:
--------------------------

Clock to Setup on destination clock CLK_P123
---------------+---------+---------+---------+---------+
               | Src:Rise| Src:Fall| Src:Rise| Src:Fall|
Source Clock   |Dest:Rise|Dest:Rise|Dest:Fall|Dest:Fall|
---------------+---------+---------+---------+---------+
CLK_P123       |    4.107|         |         |         |
---------------+---------+---------+---------+---------+

Clock to Setup on destination clock XLXN_109
---------------+---------+---------+---------+---------+
               | Src:Rise| Src:Fall| Src:Rise| Src:Fall|
Source Clock   |Dest:Rise|Dest:Rise|Dest:Fall|Dest:Fall|
---------------+---------+---------+---------+---------+
XLXN_109       |    3.459|         |         |         |
---------------+---------+---------+---------+---------+

Clock to Setup on destination clock XLXN_162
---------------+---------+---------+---------+---------+
               | Src:Rise| Src:Fall| Src:Rise| Src:Fall|
Source Clock   |Dest:Rise|Dest:Rise|Dest:Fall|Dest:Fall|
---------------+---------+---------+---------+---------+
XLXN_162       |    4.107|         |         |         |
---------------+---------+---------+---------+---------+

Clock to Setup on destination clock XLXN_163
---------------+---------+---------+---------+---------+
               | Src:Rise| Src:Fall| Src:Rise| Src:Fall|
Source Clock   |Dest:Rise|Dest:Rise|Dest:Fall|Dest:Fall|
---------------+---------+---------+---------+---------+
XLXN_163       |    4.107|         |         |         |
---------------+---------+---------+---------+---------+

Clock to Setup on destination clock XLXN_164
---------------+---------+---------+---------+---------+
               | Src:Rise| Src:Fall| Src:Rise| Src:Fall|
Source Clock   |Dest:Rise|Dest:Rise|Dest:Fall|Dest:Fall|
---------------+---------+---------+---------+---------+
XLXN_164       |    4.107|         |         |         |
---------------+---------+---------+---------+---------+

Clock to Setup on destination clock XLXN_165
---------------+---------+---------+---------+---------+
               | Src:Rise| Src:Fall| Src:Rise| Src:Fall|
Source Clock   |Dest:Rise|Dest:Rise|Dest:Fall|Dest:Fall|
---------------+---------+---------+---------+---------+
XLXN_165       |    4.107|         |         |         |
---------------+---------+---------+---------+---------+

Clock to Setup on destination clock XLXN_166
---------------+---------+---------+---------+---------+
               | Src:Rise| Src:Fall| Src:Rise| Src:Fall|
Source Clock   |Dest:Rise|Dest:Rise|Dest:Fall|Dest:Fall|
---------------+---------+---------+---------+---------+
XLXN_166       |    4.107|         |         |         |
---------------+---------+---------+---------+---------+

Clock to Setup on destination clock XLXN_168
---------------+---------+---------+---------+---------+
               | Src:Rise| Src:Fall| Src:Rise| Src:Fall|
Source Clock   |Dest:Rise|Dest:Rise|Dest:Fall|Dest:Fall|
---------------+---------+---------+---------+---------+
XLXN_168       |    4.020|         |         |         |
---------------+---------+---------+---------+---------+

Clock to Setup on destination clock XLXN_41
---------------+---------+---------+---------+---------+
               | Src:Rise| Src:Fall| Src:Rise| Src:Fall|
Source Clock   |Dest:Rise|Dest:Rise|Dest:Fall|Dest:Fall|
---------------+---------+---------+---------+---------+
XLXN_41        |    2.312|         |         |         |
---------------+---------+---------+---------+---------+

=========================================================================


Total REAL time to Xst completion: 5.00 secs
Total CPU time to Xst completion: 4.85 secs
 
--> 

Total memory usage is 4487884 kilobytes

Number of errors   :    0 (   0 filtered)
Number of warnings :    0 (   0 filtered)
Number of infos    :    1 (   0 filtered)

