--------------------------------------------------------------------------------
Release 14.7 Trace  (nt64)
Copyright (c) 1995-2013 Xilinx, Inc.  All rights reserved.

D:\Xilinx\14.7\ISE_DS\ISE\bin\nt64\unwrapped\trce.exe -intstyle ise -v 3 -s 3
-n 3 -fastpaths -xml lab5_2.twx lab5_2.ncd -o lab5_2.twr lab5_2.pcf -ucf
lab5_2_imple.ucf

Design file:              lab5_2.ncd
Physical constraint file: lab5_2.pcf
Device,package,speed:     xc6slx9,tqg144,C,-3 (PRODUCTION 1.23 2013-10-13)
Report level:             verbose report

Environment Variable      Effect 
--------------------      ------ 
NONE                      No environment variables were set
--------------------------------------------------------------------------------

INFO:Timing:2698 - No timing constraints found, doing default enumeration.
INFO:Timing:3412 - To improve timing, see the Timing Closure User Guide (UG612).
INFO:Timing:2752 - To get complete path coverage, use the unconstrained paths 
   option. All paths that are not constrained will be reported in the 
   unconstrained paths section(s) of the report.
INFO:Timing:3339 - The clock-to-out numbers in this timing report are based on 
   a 50 Ohm transmission line loading model.  For the details of this model, 
   and for more information on accounting for different loading conditions, 
   please see the device datasheet.



Data Sheet report:
-----------------
All values displayed in nanoseconds (ns)

Pad to Pad
---------------+---------------+---------+
Source Pad     |Destination Pad|  Delay  |
---------------+---------------+---------+
XLXN_1         |XLXN_7         |    7.881|
XLXN_1         |XLXN_8         |    8.871|
XLXN_2         |XLXN_7         |    9.560|
XLXN_2         |XLXN_8         |   10.550|
XLXN_3         |XLXN_7         |    7.956|
XLXN_3         |XLXN_8         |    8.946|
XLXN_4         |XLXN_7         |    9.360|
XLXN_4         |XLXN_8         |   10.350|
XLXN_5         |XLXN_7         |    8.209|
XLXN_5         |XLXN_8         |    9.199|
XLXN_6         |XLXN_7         |    9.769|
XLXN_6         |XLXN_8         |   10.759|
---------------+---------------+---------+


Analysis completed Mon Aug 07 18:41:25 2023 
--------------------------------------------------------------------------------

Trace Settings:
-------------------------
Trace Settings 

Peak Memory Usage: 4572 MB



