
****** PlanAhead v14.7
  **** Build 321239 by xbuild on Fri Sep 27 19:31:35 MDT 2013
    ** Copyright 1986-1999, 2001-2013 Xilinx, Inc. All Rights Reserved.

INFO: [Common 17-78] Attempting to get a license: PlanAhead
INFO: [Common 17-290] Got license for PlanAhead
INFO: [Device 21-36] Loading parts and site information from D:/Xilinx/14.7/ISE_DS/PlanAhead/data/parts/arch.xml
Parsing RTL primitives file [D:/Xilinx/14.7/ISE_DS/PlanAhead/data/parts/xilinx/rtl/prims/rtl_prims.xml]
Finished parsing RTL primitives file [D:/Xilinx/14.7/ISE_DS/PlanAhead/data/parts/xilinx/rtl/prims/rtl_prims.xml]
start_gui
source {D:/ISE Project/lab5_2/pa.fromHdl.tcl}
# create_project -name lab5_2 -dir "D:/ISE Project/lab5_2/planAhead_run_1" -part xc6slx9tqg144-3
# set_param project.pinAheadLayout yes
# set srcset [get_property srcset [current_run -impl]]
# set_property target_constrs_file "D:/ISE Project/lab5_2/lab5_2_imple.ucf" [current_fileset -constrset]
Adding file 'D:/ISE Project/lab5_2/lab5_2_imple.ucf' to fileset 'constrs_1'
# set hdlfile [add_files [list {lab5_2.vf}]]
# set_property file_type Verilog $hdlfile
# set_property library work $hdlfile
# set_property top lab5_2 $srcset
# add_files [list {lab5_2_imple.ucf}] -fileset [get_property constrset [current_run]]
# add_files [list {lab5_2.ucf}] -fileset [get_property constrset [current_run]]
# open_rtl_design -part xc6slx9tqg144-3
Using Verific elaboration
Parsing VHDL file "D:/Xilinx/14.7/ISE_DS/PlanAhead/data/parts/xilinx/rtl/lib/synplify/synattr.vhd" into library synplify
Analyzing Verilog file "D:/ISE Project/lab5_2/lab5_2.vf" into library work
Loading clock regions from D:/Xilinx/14.7/ISE_DS/PlanAhead/data\parts/xilinx/spartan6/spartan6lx/xc6slx9/ClockRegion.xml
Loading clock buffers from D:/Xilinx/14.7/ISE_DS/PlanAhead/data\parts/xilinx/spartan6/spartan6lx/xc6slx9/ClockBuffers.xml
Loading package pin functions from D:/Xilinx/14.7/ISE_DS/PlanAhead/data\parts/xilinx/spartan6/PinFunctions.xml...
Loading package from D:/Xilinx/14.7/ISE_DS/PlanAhead/data\parts/xilinx/spartan6/spartan6lx/xc6slx9/tqg144/Package.xml
Loading io standards from D:/Xilinx/14.7/ISE_DS/PlanAhead/data\./parts/xilinx/spartan6/IOStandards.xml
Loading device configuration modes from D:/Xilinx/14.7/ISE_DS/PlanAhead/data\parts/xilinx/spartan6/ConfigModes.xml
Loading list of drcs for the architecture : D:/Xilinx/14.7/ISE_DS/PlanAhead/data\./parts/xilinx/spartan6/drc.xml
Parsing UCF File [D:/ISE Project/lab5_2/lab5_2_imple.ucf]
Finished Parsing UCF File [D:/ISE Project/lab5_2/lab5_2_imple.ucf]
Parsing UCF File [D:/ISE Project/lab5_2/lab5_2.ucf]
Finished Parsing UCF File [D:/ISE Project/lab5_2/lab5_2.ucf]
INFO: [Project 1-111] Unisim Transformation Summary:
No Unisim elements were transformed.

Phase 0 | Netlist Checksum: b9d7948c
update_compile_order -fileset sim_1
startgroup
set_property package_pin P61 [get_ports XLXN_1]
endgroup
set_property package_pin "" [get_ports [list  XLXN_2]]
set_property package_pin "" [get_ports [list  XLXN_3]]
set_property package_pin "" [get_ports [list  XLXN_1]]
set_property package_pin "" [get_ports [list  XLXN_2]]
set_property package_pin "" [get_ports [list  XLXN_2]]
startgroup
set_property package_pin P61 [get_ports XLXN_4]
endgroup
startgroup
set_property package_pin P62 [get_ports XLXN_2]
endgroup
startgroup
set_property package_pin P66 [get_ports XLXN_6]
endgroup
startgroup
set_property package_pin P5 [get_ports XLXN_1]
endgroup
startgroup
set_property package_pin P7 [get_ports XLXN_3]
endgroup
startgroup
set_property package_pin P9 [get_ports XLXN_5]
endgroup
startgroup
set_property package_pin P83 [get_ports XLXN_7]
endgroup
startgroup
set_property package_pin P67 [get_ports XLXN_8]
endgroup
set_property is_loc_fixed false [get_ports [list  XLXN_8]]
set_property is_loc_fixed true [get_ports [list  XLXN_8]]
save_constraints
set_property is_loc_fixed true [get_ports [list  XLXN_8]]
save_constraints
exit
ERROR: [Common 17-39] 'stop_gui' failed due to earlier errors.
INFO: [Common 17-206] Exiting PlanAhead at Mon Aug 07 17:10:01 2023...
INFO: [Common 17-83] Releasing license: PlanAhead
