--------------------------------------------------------------------------------
Release 14.7 Trace  (nt64)
Copyright (c) 1995-2013 Xilinx, Inc.  All rights reserved.

C:\Xilinx\14.7\ISE_DS\ISE\bin\nt64\unwrapped\trce.exe -intstyle ise -v 3 -s 3
-n 3 -fastpaths -xml lab5.twx lab5.ncd -o lab5.twr lab5.pcf -ucf lab5_pin.ucf

Design file:              lab5.ncd
Physical constraint file: lab5.pcf
Device,package,speed:     xc6slx9,tqg144,C,-3 (PRODUCTION 1.23 2013-10-13)
Report level:             verbose report

Environment Variable      Effect 
--------------------      ------ 
NONE                      No environment variables were set
--------------------------------------------------------------------------------

INFO:Timing:2698 - No timing constraints found, doing default enumeration.
INFO:Timing:3412 - To improve timing, see the Timing Closure User Guide (UG612).
INFO:Timing:2752 - To get complete path coverage, use the unconstrained paths 
   option. All paths that are not constrained will be reported in the 
   unconstrained paths section(s) of the report.
INFO:Timing:3339 - The clock-to-out numbers in this timing report are based on 
   a 50 Ohm transmission line loading model.  For the details of this model, 
   and for more information on accounting for different loading conditions, 
   please see the device datasheet.



Data Sheet report:
-----------------
All values displayed in nanoseconds (ns)

Pad to Pad
---------------+---------------+---------+
Source Pad     |Destination Pad|  Delay  |
---------------+---------------+---------+
XLXN_6         |XLXN_15        |    9.199|
XLXN_6         |XLXN_20        |    9.900|
XLXN_7         |XLXN_15        |    8.853|
XLXN_7         |XLXN_20        |    9.554|
XLXN_8         |XLXN_15        |    8.790|
XLXN_8         |XLXN_20        |    9.491|
XLXN_9         |XLXN_15        |    9.287|
XLXN_9         |XLXN_20        |    9.988|
XLXN_10        |XLXN_15        |    9.015|
XLXN_10        |XLXN_20        |    9.716|
XLXN_11        |XLXN_15        |    9.125|
XLXN_11        |XLXN_20        |    9.826|
---------------+---------------+---------+


Analysis completed Mon Sep 04 14:54:24 2023 
--------------------------------------------------------------------------------

Trace Settings:
-------------------------
Trace Settings 

Peak Memory Usage: 4572 MB



