
****** PlanAhead v14.7
  **** Build 321239 by xbuild on Fri Sep 27 19:31:35 MDT 2013
    ** Copyright 1986-1999, 2001-2013 Xilinx, Inc. All Rights Reserved.

INFO: [Common 17-78] Attempting to get a license: PlanAhead
INFO: [Common 17-290] Got license for PlanAhead
INFO: [Device 21-36] Loading parts and site information from D:/Xilinx/14.7/ISE_DS/PlanAhead/data/parts/arch.xml
Parsing RTL primitives file [D:/Xilinx/14.7/ISE_DS/PlanAhead/data/parts/xilinx/rtl/prims/rtl_prims.xml]
Finished parsing RTL primitives file [D:/Xilinx/14.7/ISE_DS/PlanAhead/data/parts/xilinx/rtl/prims/rtl_prims.xml]
start_gui
source C:/Users/Analysis/Downloads/lab5/lab7/pa.fromHdl.tcl
# create_project -name lab7 -dir "C:/Users/Analysis/Downloads/lab5/lab7/planAhead_run_1" -part xc6slx9tqg144-3
# set_param project.pinAheadLayout yes
# set srcset [get_property srcset [current_run -impl]]
# set_property target_constrs_file "lab7t.ucf" [current_fileset -constrset]
Adding file 'C:/Users/Analysis/Downloads/lab5/lab7/lab7t.ucf' to fileset 'constrs_1'
# set hdlfile [add_files [list {lab7t.vf}]]
# set_property file_type Verilog $hdlfile
# set_property library work $hdlfile
# set_property top lab7t $srcset
# add_files [list {lab7t.ucf}] -fileset [get_property constrset [current_run]]
# open_rtl_design -part xc6slx9tqg144-3
Using Verific elaboration
Parsing VHDL file "D:/Xilinx/14.7/ISE_DS/PlanAhead/data/parts/xilinx/rtl/lib/synplify/synattr.vhd" into library synplify
Analyzing Verilog file "C:/Users/Analysis/Downloads/lab5/lab7/lab7t.vf" into library work
Loading clock regions from D:/Xilinx/14.7/ISE_DS/PlanAhead/data\parts/xilinx/spartan6/spartan6lx/xc6slx9/ClockRegion.xml
Loading clock buffers from D:/Xilinx/14.7/ISE_DS/PlanAhead/data\parts/xilinx/spartan6/spartan6lx/xc6slx9/ClockBuffers.xml
Loading package pin functions from D:/Xilinx/14.7/ISE_DS/PlanAhead/data\parts/xilinx/spartan6/PinFunctions.xml...
Loading package from D:/Xilinx/14.7/ISE_DS/PlanAhead/data\parts/xilinx/spartan6/spartan6lx/xc6slx9/tqg144/Package.xml
Loading io standards from D:/Xilinx/14.7/ISE_DS/PlanAhead/data\./parts/xilinx/spartan6/IOStandards.xml
Loading device configuration modes from D:/Xilinx/14.7/ISE_DS/PlanAhead/data\parts/xilinx/spartan6/ConfigModes.xml
Loading list of drcs for the architecture : D:/Xilinx/14.7/ISE_DS/PlanAhead/data\./parts/xilinx/spartan6/drc.xml
Parsing UCF File [C:/Users/Analysis/Downloads/lab5/lab7/lab7t.ucf]
Finished Parsing UCF File [C:/Users/Analysis/Downloads/lab5/lab7/lab7t.ucf]
INFO: [Project 1-111] Unisim Transformation Summary:
No Unisim elements were transformed.

Phase 0 | Netlist Checksum: c342f9a2
update_compile_order -fileset sim_1
set_property package_pin "" [get_ports [list  A]]
set_property package_pin "" [get_ports [list  C]]
startgroup
set_property package_pin P41 [get_ports A]
endgroup
startgroup
set_property package_pin P40 [get_ports B]
endgroup
startgroup
set_property package_pin P35 [get_ports C]
endgroup
startgroup
set_property package_pin P34 [get_ports cm0]
endgroup
startgroup
set_property package_pin P32 [get_ports cm1]
endgroup
startgroup
set_property package_pin P29 [get_ports cm2]
endgroup
startgroup
set_property package_pin P44 [get_ports cm0]
endgroup
startgroup
set_property package_pin P43 [get_ports cm1]
endgroup
startgroup
set_property package_pin P33 [get_ports cm2]
endgroup
startgroup
set_property package_pin P30 [get_ports cm3]
endgroup
startgroup
set_property package_pin P34 [get_ports D]
endgroup
startgroup
set_property package_pin P112 [get_ports D1]
endgroup
startgroup
set_property package_pin P111 [get_ports D2]
endgroup
startgroup
set_property package_pin P105 [get_ports D3]
endgroup
startgroup
set_property package_pin P104 [get_ports D4]
endgroup
startgroup
set_property package_pin P102 [get_ports DIPS5]
endgroup
startgroup
set_property package_pin P32 [get_ports E]
endgroup
startgroup
set_property package_pin P29 [get_ports F]
endgroup
startgroup
set_property package_pin P45 [get_ports PB1]
endgroup
save_constraints
