#-----------------------------------------------------------
# PlanAhead v14.7
# Build 321239 by xbuild on Fri Sep 27 19:31:35 MDT 2013
# Start of session at: Mon Aug 07 19:06:33 2023
# Process ID: 20312
# Log file: D:/ISE Project/lab5_4/planAhead_run_3/planAhead.log
# Journal file: D:/ISE Project/lab5_4/planAhead_run_3/planAhead.jou
#-----------------------------------------------------------
INFO: [Common 17-78] Attempting to get a license: PlanAhead
INFO: [Common 17-290] Got license for PlanAhead
INFO: [Device 21-36] Loading parts and site information from D:/Xilinx/14.7/ISE_DS/PlanAhead/data/parts/arch.xml
Parsing RTL primitives file [D:/Xilinx/14.7/ISE_DS/PlanAhead/data/parts/xilinx/rtl/prims/rtl_prims.xml]
Finished parsing RTL primitives file [D:/Xilinx/14.7/ISE_DS/PlanAhead/data/parts/xilinx/rtl/prims/rtl_prims.xml]
start_gui
source {D:/ISE Project/lab5_4/pa.fromHdl.tcl}
# create_project -name lab5_4 -dir "D:/ISE Project/lab5_4/planAhead_run_3" -part xc6slx9tqg144-3
# set_param project.pinAheadLayout yes
# set srcset [get_property srcset [current_run -impl]]
# set_property target_constrs_file "lab5_4.ucf" [current_fileset -constrset]
Adding file 'D:/ISE Project/lab5_4/lab5_4.ucf' to fileset 'constrs_1'
# set hdlfile [add_files [list {lab5_4.vf}]]
# set_property file_type Verilog $hdlfile
# set_property library work $hdlfile
# set_property top lab5_4 $srcset
# add_files [list {lab5_4.ucf}] -fileset [get_property constrset [current_run]]
# open_rtl_design -part xc6slx9tqg144-3
Using Verific elaboration
Parsing VHDL file "D:/Xilinx/14.7/ISE_DS/PlanAhead/data/parts/xilinx/rtl/lib/synplify/synattr.vhd" into library synplify
Analyzing Verilog file "D:/ISE Project/lab5_4/lab5_4.vf" into library work
Loading clock regions from D:/Xilinx/14.7/ISE_DS/PlanAhead/data\parts/xilinx/spartan6/spartan6lx/xc6slx9/ClockRegion.xml
Loading clock buffers from D:/Xilinx/14.7/ISE_DS/PlanAhead/data\parts/xilinx/spartan6/spartan6lx/xc6slx9/ClockBuffers.xml
Loading package pin functions from D:/Xilinx/14.7/ISE_DS/PlanAhead/data\parts/xilinx/spartan6/PinFunctions.xml...
Loading package from D:/Xilinx/14.7/ISE_DS/PlanAhead/data\parts/xilinx/spartan6/spartan6lx/xc6slx9/tqg144/Package.xml
Loading io standards from D:/Xilinx/14.7/ISE_DS/PlanAhead/data\./parts/xilinx/spartan6/IOStandards.xml
Loading device configuration modes from D:/Xilinx/14.7/ISE_DS/PlanAhead/data\parts/xilinx/spartan6/ConfigModes.xml
Loading list of drcs for the architecture : D:/Xilinx/14.7/ISE_DS/PlanAhead/data\./parts/xilinx/spartan6/drc.xml
Parsing UCF File [D:/ISE Project/lab5_4/lab5_4.ucf]
Finished Parsing UCF File [D:/ISE Project/lab5_4/lab5_4.ucf]
INFO: [Project 1-111] Unisim Transformation Summary:
No Unisim elements were transformed.

Phase 0 | Netlist Checksum: 94a0d393
update_compile_order -fileset sim_1
startgroup
set_property package_pin P58 [get_ports XLXN_1]
endgroup
startgroup
set_property package_pin P59 [get_ports XLXN_2]
endgroup
startgroup
set_property package_pin P61 [get_ports XLXN_3]
endgroup
startgroup
set_property package_pin P62 [get_ports XLXN_4]
endgroup
startgroup
set_property package_pin P66 [get_ports XLXN_5]
endgroup
startgroup
set_property package_pin P16 [get_ports XLXN_6]
endgroup
save_constraints
startgroup
set_property package_pin P67 [get_ports XLXN_8]
endgroup
set_property is_loc_fixed false [get_ports [list  XLXN_8]]
set_property is_loc_fixed true [get_ports [list  XLXN_8]]
save_constraints
exit
ERROR: [PlanAhead 12-106] *** Exception: ui.h.b: Found deleted key in HTclEventBroker. Verify if the classes listed here call cleanup()
HTclEvent: DEBUG_CORE_CONFIG_CHANGE   Classes: ui.views.aR 
HTclEvent: DEBUG_PORT_CONFIG_CHANGE   Classes: ui.views.aR 
HTclEvent: SIGNAL_BUS_MODIFY   Classes: ui.views.aR 
HTclEvent: SIGNAL_MODIFY   Classes: ui.views.aR 
 (See D:/ISE Project/lab5_4\planAhead_pid20312.debug)
ERROR: [Common 17-39] 'stop_gui' failed due to earlier errors.
INFO: [Common 17-206] Exiting PlanAhead at Mon Aug 07 19:19:21 2023...
INFO: [Common 17-83] Releasing license: PlanAhead
