--------------------------------------------------------------------------------
Release 14.7 Trace  (nt64)
Copyright (c) 1995-2013 Xilinx, Inc.  All rights reserved.

C:\Xilinx\14.7\ISE_DS\ISE\bin\nt64\unwrapped\trce.exe -intstyle ise -v 3 -s 3
-n 3 -fastpaths -xml lab705.twx lab705.ncd -o lab705.twr lab705.pcf -ucf
lab7_pin.ucf

Design file:              lab705.ncd
Physical constraint file: lab705.pcf
Device,package,speed:     xc6slx9,tqg144,C,-3 (PRODUCTION 1.23 2013-10-13)
Report level:             verbose report

Environment Variable      Effect 
--------------------      ------ 
NONE                      No environment variables were set
--------------------------------------------------------------------------------

INFO:Timing:2698 - No timing constraints found, doing default enumeration.
INFO:Timing:3412 - To improve timing, see the Timing Closure User Guide (UG612).
INFO:Timing:2752 - To get complete path coverage, use the unconstrained paths 
   option. All paths that are not constrained will be reported in the 
   unconstrained paths section(s) of the report.
INFO:Timing:3339 - The clock-to-out numbers in this timing report are based on 
   a 50 Ohm transmission line loading model.  For the details of this model, 
   and for more information on accounting for different loading conditions, 
   please see the device datasheet.



Data Sheet report:
-----------------
All values displayed in nanoseconds (ns)

Setup/Hold to clock pb1
------------+------------+------------+------------+------------+------------------+--------+
            |Max Setup to|  Process   |Max Hold to |  Process   |                  | Clock  |
Source      | clk (edge) |   Corner   | clk (edge) |   Corner   |Internal Clock(s) | Phase  |
------------+------------+------------+------------+------------+------------------+--------+
sw0         |    1.451(R)|      SLOW  |   -0.724(R)|      FAST  |pb1_IBUF          |   0.000|
------------+------------+------------+------------+------------+------------------+--------+

Clock pb1 to Pad
------------+-----------------+------------+-----------------+------------+------------------+--------+
            |Max (slowest) clk|  Process   |Min (fastest) clk|  Process   |                  | Clock  |
Destination |  (edge) to PAD  |   Corner   |  (edge) to PAD  |   Corner   |Internal Clock(s) | Phase  |
------------+-----------------+------------+-----------------+------------+------------------+--------+
out_a       |         7.342(R)|      SLOW  |         4.225(R)|      FAST  |pb1_IBUF          |   0.000|
out_b       |         6.903(R)|      SLOW  |         3.968(R)|      FAST  |pb1_IBUF          |   0.000|
out_c       |         6.758(R)|      SLOW  |         3.841(R)|      FAST  |pb1_IBUF          |   0.000|
out_d       |         6.702(R)|      SLOW  |         3.828(R)|      FAST  |pb1_IBUF          |   0.000|
out_e       |         6.688(R)|      SLOW  |         3.801(R)|      FAST  |pb1_IBUF          |   0.000|
out_f       |         7.547(R)|      SLOW  |         4.319(R)|      FAST  |pb1_IBUF          |   0.000|
------------+-----------------+------------+-----------------+------------+------------------+--------+

Clock to Setup on destination clock pb1
---------------+---------+---------+---------+---------+
               | Src:Rise| Src:Fall| Src:Rise| Src:Fall|
Source Clock   |Dest:Rise|Dest:Rise|Dest:Fall|Dest:Fall|
---------------+---------+---------+---------+---------+
pb1            |    1.333|         |         |         |
---------------+---------+---------+---------+---------+

Pad to Pad
---------------+---------------+---------+
Source Pad     |Destination Pad|  Delay  |
---------------+---------------+---------+
pb1            |mn0            |    8.189|
---------------+---------------+---------+


Analysis completed Mon Sep 11 17:21:19 2023 
--------------------------------------------------------------------------------

Trace Settings:
-------------------------
Trace Settings 

Peak Memory Usage: 4572 MB



